# JRE version: OpenJDK Runtime Environment (8.0_242-b01) (build 1.8.0_242-release-1644-b01)
# Java VM: OpenJDK 64-Bit Server VM (25.242-b01 mixed mode windows-amd64 compressed oops)
Heap:
 PSYoungGen      total 148992K, used 18151K [0x00000000eab00000, 0x00000000f5480000, 0x0000000100000000)
  eden space 135680K, 3% used [0x00000000eab00000,0x00000000eafc09a8,0x00000000f2f80000)
  from space 13312K, 99% used [0x00000000f2f80000,0x00000000f3c79310,0x00000000f3c80000)
  to   space 12288K, 0% used [0x00000000f3c80000,0x00000000f3c80000,0x00000000f4880000)
 ParOldGen       total 92160K, used 26622K [0x00000000c0000000, 0x00000000c5a00000, 0x00000000eab00000)
  object space 92160K, 28% used [0x00000000c0000000,0x00000000c19ffa68,0x00000000c5a00000)
 Metaspace       used 50958K, capacity 52966K, committed 53160K, reserved 1095680K
  class space    used 6828K, capacity 7228K, committed 7344K, reserved 1048576K
GC Heap History (10 events):
Event: 3.481 GC heap before
{Heap before GC invocations=9 (full 1):
 PSYoungGen      total 73216K, used 62464K [0x00000000eab00000, 0x00000000f3a00000, 0x0000000100000000)
  eden space 62464K, 100% used [0x00000000eab00000,0x00000000ee800000,0x00000000ee800000)
  from space 10752K, 0% used [0x00000000ee800000,0x00000000ee800000,0x00000000ef280000)
  to   space 10752K, 0% used [0x00000000f2f80000,0x00000000f2f80000,0x00000000f3a00000)
 ParOldGen       total 54272K, used 7179K [0x00000000c0000000, 0x00000000c3500000, 0x00000000eab00000)
  object space 54272K, 13% used [0x00000000c0000000,0x00000000c0702d80,0x00000000c3500000)
 Metaspace       used 28501K, capacity 29374K, committed 29616K, reserved 1075200K
  class space    used 3945K, capacity 4187K, committed 4272K, reserved 1048576K
Event: 3.488 GC heap after
Heap after GC invocations=9 (full 1):
 PSYoungGen      total 108544K, used 8090K [0x00000000eab00000, 0x00000000f3780000, 0x0000000100000000)
  eden space 100352K, 0% used [0x00000000eab00000,0x00000000eab00000,0x00000000f0d00000)
  from space 8192K, 98% used [0x00000000f2f80000,0x00000000f3766a68,0x00000000f3780000)
  to   space 10752K, 0% used [0x00000000f2280000,0x00000000f2280000,0x00000000f2d00000)
 ParOldGen       total 54272K, used 7187K [0x00000000c0000000, 0x00000000c3500000, 0x00000000eab00000)
  object space 54272K, 13% used [0x00000000c0000000,0x00000000c0704d80,0x00000000c3500000)
 Metaspace       used 28501K, capacity 29374K, committed 29616K, reserved 1075200K
  class space    used 3945K, capacity 4187K, committed 4272K, reserved 1048576K
}
Event: 4.433 GC heap before
{Heap before GC invocations=10 (full 1):
 PSYoungGen      total 108544K, used 102958K [0x00000000eab00000, 0x00000000f3780000, 0x0000000100000000)
  eden space 100352K, 94% used [0x00000000eab00000,0x00000000f07a5160,0x00000000f0d00000)
  from space 8192K, 98% used [0x00000000f2f80000,0x00000000f3766a68,0x00000000f3780000)
  to   space 10752K, 0% used [0x00000000f2280000,0x00000000f2280000,0x00000000f2d00000)
 ParOldGen       total 54272K, used 7187K [0x00000000c0000000, 0x00000000c3500000, 0x00000000eab00000)
  object space 54272K, 13% used [0x00000000c0000000,0x00000000c0704d80,0x00000000c3500000)
 Metaspace       used 34241K, capacity 35412K, committed 35496K, reserved 1079296K
  class space    used 4713K, capacity 5001K, committed 5040K, reserved 1048576K
Event: 4.451 GC heap after
Heap after GC invocations=10 (full 1):
 PSYoungGen      total 133120K, used 10726K [0x00000000eab00000, 0x00000000f4880000, 0x0000000100000000)
  eden space 122368K, 0% used [0x00000000eab00000,0x00000000eab00000,0x00000000f2280000)
  from space 10752K, 99% used [0x00000000f2280000,0x00000000f2cf9a08,0x00000000f2d00000)
  to   space 12288K, 0% used [0x00000000f3c80000,0x00000000f3c80000,0x00000000f4880000)
 ParOldGen       total 54272K, used 7617K [0x00000000c0000000, 0x00000000c3500000, 0x00000000eab00000)
  object space 54272K, 14% used [0x00000000c0000000,0x00000000c07705e0,0x00000000c3500000)
 Metaspace       used 34241K, capacity 35412K, committed 35496K, reserved 1079296K
  class space    used 4713K, capacity 5001K, committed 5040K, reserved 1048576K
}
Event: 4.451 GC heap before
{Heap before GC invocations=11 (full 2):
 PSYoungGen      total 133120K, used 10726K [0x00000000eab00000, 0x00000000f4880000, 0x0000000100000000)
  eden space 122368K, 0% used [0x00000000eab00000,0x00000000eab00000,0x00000000f2280000)
  from space 10752K, 99% used [0x00000000f2280000,0x00000000f2cf9a08,0x00000000f2d00000)
  to   space 12288K, 0% used [0x00000000f3c80000,0x00000000f3c80000,0x00000000f4880000)
 ParOldGen       total 54272K, used 7617K [0x00000000c0000000, 0x00000000c3500000, 0x00000000eab00000)
  object space 54272K, 14% used [0x00000000c0000000,0x00000000c07705e0,0x00000000c3500000)
 Metaspace       used 34241K, capacity 35412K, committed 35496K, reserved 1079296K
  class space    used 4713K, capacity 5001K, committed 5040K, reserved 1048576K
Event: 4.543 GC heap after
Heap after GC invocations=11 (full 2):
 PSYoungGen      total 133120K, used 0K [0x00000000eab00000, 0x00000000f4880000, 0x0000000100000000)
  eden space 122368K, 0% used [0x00000000eab00000,0x00000000eab00000,0x00000000f2280000)
  from space 10752K, 0% used [0x00000000f2280000,0x00000000f2280000,0x00000000f2d00000)
  to   space 12288K, 0% used [0x00000000f3c80000,0x00000000f3c80000,0x00000000f4880000)
 ParOldGen       total 92160K, used 17352K [0x00000000c0000000, 0x00000000c5a00000, 0x00000000eab00000)
  object space 92160K, 18% used [0x00000000c0000000,0x00000000c10f2160,0x00000000c5a00000)
 Metaspace       used 34241K, capacity 35412K, committed 35496K, reserved 1079296K
  class space    used 4713K, capacity 5001K, committed 5040K, reserved 1048576K
}
Event: 5.815 GC heap before
{Heap before GC invocations=12 (full 2):
 PSYoungGen      total 133120K, used 122368K [0x00000000eab00000, 0x00000000f4880000, 0x0000000100000000)
  eden space 122368K, 100% used [0x00000000eab00000,0x00000000f2280000,0x00000000f2280000)
  from space 10752K, 0% used [0x00000000f2280000,0x00000000f2280000,0x00000000f2d00000)
  to   space 12288K, 0% used [0x00000000f3c80000,0x00000000f3c80000,0x00000000f4880000)
 ParOldGen       total 92160K, used 17352K [0x00000000c0000000, 0x00000000c5a00000, 0x00000000eab00000)
  object space 92160K, 18% used [0x00000000c0000000,0x00000000c10f2160,0x00000000c5a00000)
 Metaspace       used 38871K, capacity 40636K, committed 40872K, reserved 1085440K
  class space    used 5372K, capacity 5744K, committed 5808K, reserved 1048576K
Event: 5.824 GC heap after
Heap after GC invocations=12 (full 2):
 PSYoungGen      total 147968K, used 10450K [0x00000000eab00000, 0x00000000f5480000, 0x0000000100000000)
  eden space 135680K, 0% used [0x00000000eab00000,0x00000000eab00000,0x00000000f2f80000)
  from space 12288K, 85% used [0x00000000f3c80000,0x00000000f46b4a00,0x00000000f4880000)
  to   space 13312K, 0% used [0x00000000f2f80000,0x00000000f2f80000,0x00000000f3c80000)
 ParOldGen       total 92160K, used 17360K [0x00000000c0000000, 0x00000000c5a00000, 0x00000000eab00000)
  object space 92160K, 18% used [0x00000000c0000000,0x00000000c10f4160,0x00000000c5a00000)
 Metaspace       used 38871K, capacity 40636K, committed 40872K, reserved 1085440K
  class space    used 5372K, capacity 5744K, committed 5808K, reserved 1048576K
}
Event: 7.571 GC heap before
{Heap before GC invocations=13 (full 2):
 PSYoungGen      total 147968K, used 146130K [0x00000000eab00000, 0x00000000f5480000, 0x0000000100000000)
  eden space 135680K, 100% used [0x00000000eab00000,0x00000000f2f80000,0x00000000f2f80000)
  from space 12288K, 85% used [0x00000000f3c80000,0x00000000f46b4a00,0x00000000f4880000)
  to   space 13312K, 0% used [0x00000000f2f80000,0x00000000f2f80000,0x00000000f3c80000)
 ParOldGen       total 92160K, used 17360K [0x00000000c0000000, 0x00000000c5a00000, 0x00000000eab00000)
  object space 92160K, 18% used [0x00000000c0000000,0x00000000c10f4160,0x00000000c5a00000)
 Metaspace       used 50923K, capacity 52948K, committed 53160K, reserved 1095680K
  class space    used 6821K, capacity 7224K, committed 7344K, reserved 1048576K
Event: 7.585 GC heap after
Heap after GC invocations=13 (full 2):
 PSYoungGen      total 148992K, used 13284K [0x00000000eab00000, 0x00000000f5480000, 0x0000000100000000)
  eden space 135680K, 0% used [0x00000000eab00000,0x00000000eab00000,0x00000000f2f80000)
  from space 13312K, 99% used [0x00000000f2f80000,0x00000000f3c79310,0x00000000f3c80000)
  to   space 12288K, 0% used [0x00000000f3c80000,0x00000000f3c80000,0x00000000f4880000)
 ParOldGen       total 92160K, used 26622K [0x00000000c0000000, 0x00000000c5a00000, 0x00000000eab00000)
  object space 92160K, 28% used [0x00000000c0000000,0x00000000c19ffa68,0x00000000c5a00000)
 Metaspace       used 50923K, capacity 52948K, committed 53160K, reserved 1095680K
  class space    used 6821K, capacity 7224K, committed 7344K, reserved 1048576K
}

