# JRE version: OpenJDK Runtime Environment (8.0_242-b01) (build 1.8.0_242-release-1644-b01)
# Java VM: OpenJDK 64-Bit Server VM (25.242-b01 mixed mode windows-amd64 compressed oops)
Heap:
 PSYoungGen      total 116736K, used 80059K [0x00000000f5580000, 0x0000000100000000, 0x0000000100000000)
  eden space 58880K, 95% used [0x00000000f5580000,0x00000000f8c5ad48,0x00000000f8f00000)
  from space 57856K, 41% used [0x00000000fc780000,0x00000000fded4148,0x0000000100000000)
  to   space 57856K, 0% used [0x00000000f8f00000,0x00000000f8f00000,0x00000000fc780000)
 ParOldGen       total 349696K, used 229668K [0x00000000e0000000, 0x00000000f5580000, 0x00000000f5580000)
  object space 349696K, 65% used [0x00000000e0000000,0x00000000ee049200,0x00000000f5580000)
 Metaspace       used 94502K, capacity 99302K, committed 99456K, reserved 1134592K
  class space    used 12618K, capacity 13586K, committed 13696K, reserved 1048576K
GC Heap History (10 events):
Event: 64.164 GC heap before
{Heap before GC invocations=37 (full 5):
 PSYoungGen      total 116736K, used 58880K [0x00000000f5580000, 0x0000000100000000, 0x0000000100000000)
  eden space 58880K, 100% used [0x00000000f5580000,0x00000000f8f00000,0x00000000f8f00000)
  from space 57856K, 0% used [0x00000000f8f00000,0x00000000f8f00000,0x00000000fc780000)
  to   space 57856K, 0% used [0x00000000fc780000,0x00000000fc780000,0x0000000100000000)
 ParOldGen       total 349696K, used 209865K [0x00000000e0000000, 0x00000000f5580000, 0x00000000f5580000)
  object space 349696K, 60% used [0x00000000e0000000,0x00000000eccf24f8,0x00000000f5580000)
 Metaspace       used 93623K, capacity 98150K, committed 98560K, reserved 1134592K
  class space    used 12538K, capacity 13474K, committed 13568K, reserved 1048576K
Event: 64.173 GC heap after
Heap after GC invocations=37 (full 5):
 PSYoungGen      total 116736K, used 13683K [0x00000000f5580000, 0x0000000100000000, 0x0000000100000000)
  eden space 58880K, 0% used [0x00000000f5580000,0x00000000f5580000,0x00000000f8f00000)
  from space 57856K, 23% used [0x00000000fc780000,0x00000000fd4dcc18,0x0000000100000000)
  to   space 57856K, 0% used [0x00000000f8f00000,0x00000000f8f00000,0x00000000fc780000)
 ParOldGen       total 349696K, used 209865K [0x00000000e0000000, 0x00000000f5580000, 0x00000000f5580000)
  object space 349696K, 60% used [0x00000000e0000000,0x00000000eccf24f8,0x00000000f5580000)
 Metaspace       used 93623K, capacity 98150K, committed 98560K, reserved 1134592K
  class space    used 12538K, capacity 13474K, committed 13568K, reserved 1048576K
}
Event: 64.549 GC heap before
{Heap before GC invocations=38 (full 5):
 PSYoungGen      total 116736K, used 72563K [0x00000000f5580000, 0x0000000100000000, 0x0000000100000000)
  eden space 58880K, 100% used [0x00000000f5580000,0x00000000f8f00000,0x00000000f8f00000)
  from space 57856K, 23% used [0x00000000fc780000,0x00000000fd4dcc18,0x0000000100000000)
  to   space 57856K, 0% used [0x00000000f8f00000,0x00000000f8f00000,0x00000000fc780000)
 ParOldGen       total 349696K, used 209865K [0x00000000e0000000, 0x00000000f5580000, 0x00000000f5580000)
  object space 349696K, 60% used [0x00000000e0000000,0x00000000eccf24f8,0x00000000f5580000)
 Metaspace       used 93788K, capacity 98406K, committed 98816K, reserved 1134592K
  class space    used 12553K, capacity 13496K, committed 13568K, reserved 1048576K
Event: 64.578 GC heap after
Heap after GC invocations=38 (full 5):
 PSYoungGen      total 116736K, used 12267K [0x00000000f5580000, 0x0000000100000000, 0x0000000100000000)
  eden space 58880K, 0% used [0x00000000f5580000,0x00000000f5580000,0x00000000f8f00000)
  from space 57856K, 21% used [0x00000000f8f00000,0x00000000f9afae60,0x00000000fc780000)
  to   space 57856K, 0% used [0x00000000fc780000,0x00000000fc780000,0x0000000100000000)
 ParOldGen       total 349696K, used 222786K [0x00000000e0000000, 0x00000000f5580000, 0x00000000f5580000)
  object space 349696K, 63% used [0x00000000e0000000,0x00000000ed990be0,0x00000000f5580000)
 Metaspace       used 93788K, capacity 98406K, committed 98816K, reserved 1134592K
  class space    used 12553K, capacity 13496K, committed 13568K, reserved 1048576K
}
Event: 139.189 GC heap before
{Heap before GC invocations=39 (full 5):
 PSYoungGen      total 116736K, used 71147K [0x00000000f5580000, 0x0000000100000000, 0x0000000100000000)
  eden space 58880K, 100% used [0x00000000f5580000,0x00000000f8f00000,0x00000000f8f00000)
  from space 57856K, 21% used [0x00000000f8f00000,0x00000000f9afae60,0x00000000fc780000)
  to   space 57856K, 0% used [0x00000000fc780000,0x00000000fc780000,0x0000000100000000)
 ParOldGen       total 349696K, used 222786K [0x00000000e0000000, 0x00000000f5580000, 0x00000000f5580000)
  object space 349696K, 63% used [0x00000000e0000000,0x00000000ed990be0,0x00000000f5580000)
 Metaspace       used 94172K, capacity 98906K, committed 99200K, reserved 1134592K
  class space    used 12599K, capacity 13574K, committed 13696K, reserved 1048576K
Event: 139.222 GC heap after
Heap after GC invocations=39 (full 5):
 PSYoungGen      total 116736K, used 1760K [0x00000000f5580000, 0x0000000100000000, 0x0000000100000000)
  eden space 58880K, 0% used [0x00000000f5580000,0x00000000f5580000,0x00000000f8f00000)
  from space 57856K, 3% used [0x00000000fc780000,0x00000000fc938020,0x0000000100000000)
  to   space 57856K, 0% used [0x00000000f8f00000,0x00000000f8f00000,0x00000000fc780000)
 ParOldGen       total 349696K, used 224896K [0x00000000e0000000, 0x00000000f5580000, 0x00000000f5580000)
  object space 349696K, 64% used [0x00000000e0000000,0x00000000edba0380,0x00000000f5580000)
 Metaspace       used 94172K, capacity 98906K, committed 99200K, reserved 1134592K
  class space    used 12599K, capacity 13574K, committed 13696K, reserved 1048576K
}
Event: 140.057 GC heap before
{Heap before GC invocations=40 (full 5):
 PSYoungGen      total 116736K, used 60640K [0x00000000f5580000, 0x0000000100000000, 0x0000000100000000)
  eden space 58880K, 100% used [0x00000000f5580000,0x00000000f8f00000,0x00000000f8f00000)
  from space 57856K, 3% used [0x00000000fc780000,0x00000000fc938020,0x0000000100000000)
  to   space 57856K, 0% used [0x00000000f8f00000,0x00000000f8f00000,0x00000000fc780000)
 ParOldGen       total 349696K, used 224896K [0x00000000e0000000, 0x00000000f5580000, 0x00000000f5580000)
  object space 349696K, 64% used [0x00000000e0000000,0x00000000edba0380,0x00000000f5580000)
 Metaspace       used 94314K, capacity 99094K, committed 99456K, reserved 1134592K
  class space    used 12604K, capacity 13584K, committed 13696K, reserved 1048576K
Event: 140.065 GC heap after
Heap after GC invocations=40 (full 5):
 PSYoungGen      total 116736K, used 3984K [0x00000000f5580000, 0x0000000100000000, 0x0000000100000000)
  eden space 58880K, 0% used [0x00000000f5580000,0x00000000f5580000,0x00000000f8f00000)
  from space 57856K, 6% used [0x00000000f8f00000,0x00000000f92e4010,0x00000000fc780000)
  to   space 57856K, 0% used [0x00000000fc780000,0x00000000fc780000,0x0000000100000000)
 ParOldGen       total 349696K, used 226291K [0x00000000e0000000, 0x00000000f5580000, 0x00000000f5580000)
  object space 349696K, 64% used [0x00000000e0000000,0x00000000edcfcd90,0x00000000f5580000)
 Metaspace       used 94314K, capacity 99094K, committed 99456K, reserved 1134592K
  class space    used 12604K, capacity 13584K, committed 13696K, reserved 1048576K
}
Event: 140.476 GC heap before
{Heap before GC invocations=41 (full 5):
 PSYoungGen      total 116736K, used 62864K [0x00000000f5580000, 0x0000000100000000, 0x0000000100000000)
  eden space 58880K, 100% used [0x00000000f5580000,0x00000000f8f00000,0x00000000f8f00000)
  from space 57856K, 6% used [0x00000000f8f00000,0x00000000f92e4010,0x00000000fc780000)
  to   space 57856K, 0% used [0x00000000fc780000,0x00000000fc780000,0x0000000100000000)
 ParOldGen       total 349696K, used 226291K [0x00000000e0000000, 0x00000000f5580000, 0x00000000f5580000)
  object space 349696K, 64% used [0x00000000e0000000,0x00000000edcfcd90,0x00000000f5580000)
 Metaspace       used 94386K, capacity 99162K, committed 99456K, reserved 1134592K
  class space    used 12610K, capacity 13584K, committed 13696K, reserved 1048576K
Event: 140.509 GC heap after
Heap after GC invocations=41 (full 5):
 PSYoungGen      total 116736K, used 23888K [0x00000000f5580000, 0x0000000100000000, 0x0000000100000000)
  eden space 58880K, 0% used [0x00000000f5580000,0x00000000f5580000,0x00000000f8f00000)
  from space 57856K, 41% used [0x00000000fc780000,0x00000000fded4148,0x0000000100000000)
  to   space 57856K, 0% used [0x00000000f8f00000,0x00000000f8f00000,0x00000000fc780000)
 ParOldGen       total 349696K, used 229668K [0x00000000e0000000, 0x00000000f5580000, 0x00000000f5580000)
  object space 349696K, 65% used [0x00000000e0000000,0x00000000ee049200,0x00000000f5580000)
 Metaspace       used 94386K, capacity 99162K, committed 99456K, reserved 1134592K
  class space    used 12610K, capacity 13584K, committed 13696K, reserved 1048576K
}

