# JRE version: OpenJDK Runtime Environment (8.0_242-b01) (build 1.8.0_242-release-1644-b01)
# Java VM: OpenJDK 64-Bit Server VM (25.242-b01 mixed mode windows-amd64 compressed oops)
Heap:
 PSYoungGen      total 133120K, used 38609K [0x00000000eab00000, 0x00000000f5a80000, 0x0000000100000000)
  eden space 119808K, 21% used [0x00000000eab00000,0x00000000ec3b51c8,0x00000000f2000000)
  from space 13312K, 99% used [0x00000000f2000000,0x00000000f2cff320,0x00000000f2d00000)
  to   space 11776K, 0% used [0x00000000f2d00000,0x00000000f2d00000,0x00000000f3880000)
 ParOldGen       total 90624K, used 24836K [0x00000000c0000000, 0x00000000c5880000, 0x00000000eab00000)
  object space 90624K, 27% used [0x00000000c0000000,0x00000000c1841138,0x00000000c5880000)
 Metaspace       used 50969K, capacity 53000K, committed 53160K, reserved 1095680K
  class space    used 6826K, capacity 7235K, committed 7344K, reserved 1048576K
GC Heap History (10 events):
Event: 5.188 GC heap before
{Heap before GC invocations=9 (full 1):
 PSYoungGen      total 73216K, used 62464K [0x00000000eab00000, 0x00000000f3a00000, 0x0000000100000000)
  eden space 62464K, 100% used [0x00000000eab00000,0x00000000ee800000,0x00000000ee800000)
  from space 10752K, 0% used [0x00000000ee800000,0x00000000ee800000,0x00000000ef280000)
  to   space 10752K, 0% used [0x00000000f2f80000,0x00000000f2f80000,0x00000000f3a00000)
 ParOldGen       total 56832K, used 7163K [0x00000000c0000000, 0x00000000c3780000, 0x00000000eab00000)
  object space 56832K, 12% used [0x00000000c0000000,0x00000000c06fef48,0x00000000c3780000)
 Metaspace       used 28422K, capacity 29294K, committed 29616K, reserved 1075200K
  class space    used 3929K, capacity 4187K, committed 4272K, reserved 1048576K
Event: 5.197 GC heap after
Heap after GC invocations=9 (full 1):
 PSYoungGen      total 102400K, used 8112K [0x00000000eab00000, 0x00000000f3780000, 0x0000000100000000)
  eden space 94208K, 0% used [0x00000000eab00000,0x00000000eab00000,0x00000000f0700000)
  from space 8192K, 99% used [0x00000000f2f80000,0x00000000f376c380,0x00000000f3780000)
  to   space 10752K, 0% used [0x00000000f2280000,0x00000000f2280000,0x00000000f2d00000)
 ParOldGen       total 56832K, used 7171K [0x00000000c0000000, 0x00000000c3780000, 0x00000000eab00000)
  object space 56832K, 12% used [0x00000000c0000000,0x00000000c0700f48,0x00000000c3780000)
 Metaspace       used 28422K, capacity 29294K, committed 29616K, reserved 1075200K
  class space    used 3929K, capacity 4187K, committed 4272K, reserved 1048576K
}
Event: 6.352 GC heap before
{Heap before GC invocations=10 (full 1):
 PSYoungGen      total 102400K, used 102114K [0x00000000eab00000, 0x00000000f3780000, 0x0000000100000000)
  eden space 94208K, 99% used [0x00000000eab00000,0x00000000f06cc830,0x00000000f0700000)
  from space 8192K, 99% used [0x00000000f2f80000,0x00000000f376c380,0x00000000f3780000)
  to   space 10752K, 0% used [0x00000000f2280000,0x00000000f2280000,0x00000000f2d00000)
 ParOldGen       total 56832K, used 7171K [0x00000000c0000000, 0x00000000c3780000, 0x00000000eab00000)
  object space 56832K, 12% used [0x00000000c0000000,0x00000000c0700f48,0x00000000c3780000)
 Metaspace       used 34232K, capacity 35396K, committed 35496K, reserved 1079296K
  class space    used 4706K, capacity 5001K, committed 5040K, reserved 1048576K
Event: 6.361 GC heap after
Heap after GC invocations=10 (full 1):
 PSYoungGen      total 131072K, used 10739K [0x00000000eab00000, 0x00000000f3880000, 0x0000000100000000)
  eden space 120320K, 0% used [0x00000000eab00000,0x00000000eab00000,0x00000000f2080000)
  from space 10752K, 99% used [0x00000000f2280000,0x00000000f2cfcc48,0x00000000f2d00000)
  to   space 11776K, 0% used [0x00000000f2d00000,0x00000000f2d00000,0x00000000f3880000)
 ParOldGen       total 56832K, used 7728K [0x00000000c0000000, 0x00000000c3780000, 0x00000000eab00000)
  object space 56832K, 13% used [0x00000000c0000000,0x00000000c078c0e8,0x00000000c3780000)
 Metaspace       used 34232K, capacity 35396K, committed 35496K, reserved 1079296K
  class space    used 4706K, capacity 5001K, committed 5040K, reserved 1048576K
}
Event: 6.361 GC heap before
{Heap before GC invocations=11 (full 2):
 PSYoungGen      total 131072K, used 10739K [0x00000000eab00000, 0x00000000f3880000, 0x0000000100000000)
  eden space 120320K, 0% used [0x00000000eab00000,0x00000000eab00000,0x00000000f2080000)
  from space 10752K, 99% used [0x00000000f2280000,0x00000000f2cfcc48,0x00000000f2d00000)
  to   space 11776K, 0% used [0x00000000f2d00000,0x00000000f2d00000,0x00000000f3880000)
 ParOldGen       total 56832K, used 7728K [0x00000000c0000000, 0x00000000c3780000, 0x00000000eab00000)
  object space 56832K, 13% used [0x00000000c0000000,0x00000000c078c0e8,0x00000000c3780000)
 Metaspace       used 34232K, capacity 35396K, committed 35496K, reserved 1079296K
  class space    used 4706K, capacity 5001K, committed 5040K, reserved 1048576K
Event: 6.402 GC heap after
Heap after GC invocations=11 (full 2):
 PSYoungGen      total 131072K, used 0K [0x00000000eab00000, 0x00000000f3880000, 0x0000000100000000)
  eden space 120320K, 0% used [0x00000000eab00000,0x00000000eab00000,0x00000000f2080000)
  from space 10752K, 0% used [0x00000000f2280000,0x00000000f2280000,0x00000000f2d00000)
  to   space 11776K, 0% used [0x00000000f2d00000,0x00000000f2d00000,0x00000000f3880000)
 ParOldGen       total 90624K, used 17426K [0x00000000c0000000, 0x00000000c5880000, 0x00000000eab00000)
  object space 90624K, 19% used [0x00000000c0000000,0x00000000c1104900,0x00000000c5880000)
 Metaspace       used 34232K, capacity 35396K, committed 35496K, reserved 1079296K
  class space    used 4706K, capacity 5001K, committed 5040K, reserved 1048576K
}
Event: 7.572 GC heap before
{Heap before GC invocations=12 (full 2):
 PSYoungGen      total 131072K, used 120320K [0x00000000eab00000, 0x00000000f3880000, 0x0000000100000000)
  eden space 120320K, 100% used [0x00000000eab00000,0x00000000f2080000,0x00000000f2080000)
  from space 10752K, 0% used [0x00000000f2280000,0x00000000f2280000,0x00000000f2d00000)
  to   space 11776K, 0% used [0x00000000f2d00000,0x00000000f2d00000,0x00000000f3880000)
 ParOldGen       total 90624K, used 17426K [0x00000000c0000000, 0x00000000c5880000, 0x00000000eab00000)
  object space 90624K, 19% used [0x00000000c0000000,0x00000000c1104900,0x00000000c5880000)
 Metaspace       used 38763K, capacity 40546K, committed 40872K, reserved 1085440K
  class space    used 5353K, capacity 5711K, committed 5808K, reserved 1048576K
Event: 7.582 GC heap after
Heap after GC invocations=12 (full 2):
 PSYoungGen      total 131584K, used 10339K [0x00000000eab00000, 0x00000000f5a80000, 0x0000000100000000)
  eden space 119808K, 0% used [0x00000000eab00000,0x00000000eab00000,0x00000000f2000000)
  from space 11776K, 87% used [0x00000000f2d00000,0x00000000f3718c40,0x00000000f3880000)
  to   space 13312K, 0% used [0x00000000f2000000,0x00000000f2000000,0x00000000f2d00000)
 ParOldGen       total 90624K, used 17434K [0x00000000c0000000, 0x00000000c5880000, 0x00000000eab00000)
  object space 90624K, 19% used [0x00000000c0000000,0x00000000c1106900,0x00000000c5880000)
 Metaspace       used 38763K, capacity 40546K, committed 40872K, reserved 1085440K
  class space    used 5353K, capacity 5711K, committed 5808K, reserved 1048576K
}
Event: 9.585 GC heap before
{Heap before GC invocations=13 (full 2):
 PSYoungGen      total 131584K, used 130147K [0x00000000eab00000, 0x00000000f5a80000, 0x0000000100000000)
  eden space 119808K, 100% used [0x00000000eab00000,0x00000000f2000000,0x00000000f2000000)
  from space 11776K, 87% used [0x00000000f2d00000,0x00000000f3718c40,0x00000000f3880000)
  to   space 13312K, 0% used [0x00000000f2000000,0x00000000f2000000,0x00000000f2d00000)
 ParOldGen       total 90624K, used 17434K [0x00000000c0000000, 0x00000000c5880000, 0x00000000eab00000)
  object space 90624K, 19% used [0x00000000c0000000,0x00000000c1106900,0x00000000c5880000)
 Metaspace       used 50851K, capacity 52856K, committed 53032K, reserved 1095680K
  class space    used 6804K, capacity 7189K, committed 7216K, reserved 1048576K
Event: 9.606 GC heap after
Heap after GC invocations=13 (full 2):
 PSYoungGen      total 133120K, used 13308K [0x00000000eab00000, 0x00000000f5a80000, 0x0000000100000000)
  eden space 119808K, 0% used [0x00000000eab00000,0x00000000eab00000,0x00000000f2000000)
  from space 13312K, 99% used [0x00000000f2000000,0x00000000f2cff320,0x00000000f2d00000)
  to   space 11776K, 0% used [0x00000000f2d00000,0x00000000f2d00000,0x00000000f3880000)
 ParOldGen       total 90624K, used 24836K [0x00000000c0000000, 0x00000000c5880000, 0x00000000eab00000)
  object space 90624K, 27% used [0x00000000c0000000,0x00000000c1841138,0x00000000c5880000)
 Metaspace       used 50851K, capacity 52856K, committed 53032K, reserved 1095680K
  class space    used 6804K, capacity 7189K, committed 7216K, reserved 1048576K
}

