# JRE version: OpenJDK Runtime Environment (8.0_242-b01) (build 1.8.0_242-release-1644-b01)
# Java VM: OpenJDK 64-Bit Server VM (25.242-b01 mixed mode windows-amd64 compressed oops)
Heap:
 PSYoungGen      total 134144K, used 107653K [0x00000000eab00000, 0x00000000f3b80000, 0x0000000100000000)
  eden space 121856K, 79% used [0x00000000eab00000,0x00000000f09fa930,0x00000000f2200000)
  from space 12288K, 84% used [0x00000000f2f80000,0x00000000f39a6d08,0x00000000f3b80000)
  to   space 10752K, 0% used [0x00000000f2200000,0x00000000f2200000,0x00000000f2c80000)
 ParOldGen       total 93696K, used 17381K [0x00000000c0000000, 0x00000000c5b80000, 0x00000000eab00000)
  object space 93696K, 18% used [0x00000000c0000000,0x00000000c10f94e8,0x00000000c5b80000)
 Metaspace       used 48667K, capacity 50584K, committed 50728K, reserved 1093632K
  class space    used 6534K, capacity 6932K, committed 6960K, reserved 1048576K
GC Heap History (10 events):
Event: 3.837 GC heap before
{Heap before GC invocations=8 (full 1):
 PSYoungGen      total 73216K, used 4785K [0x00000000eab00000, 0x00000000f3900000, 0x0000000100000000)
  eden space 62464K, 0% used [0x00000000eab00000,0x00000000eab00000,0x00000000ee800000)
  from space 10752K, 44% used [0x00000000ee800000,0x00000000eecac448,0x00000000ef280000)
  to   space 10240K, 0% used [0x00000000f2f00000,0x00000000f2f00000,0x00000000f3900000)
 ParOldGen       total 84992K, used 7858K [0x00000000c0000000, 0x00000000c5300000, 0x00000000eab00000)
  object space 84992K, 9% used [0x00000000c0000000,0x00000000c07ac840,0x00000000c5300000)
 Metaspace       used 20585K, capacity 21212K, committed 21296K, reserved 1067008K
  class space    used 2873K, capacity 3076K, committed 3120K, reserved 1048576K
Event: 3.899 GC heap after
Heap after GC invocations=8 (full 1):
 PSYoungGen      total 73216K, used 0K [0x00000000eab00000, 0x00000000f3900000, 0x0000000100000000)
  eden space 62464K, 0% used [0x00000000eab00000,0x00000000eab00000,0x00000000ee800000)
  from space 10752K, 0% used [0x00000000ee800000,0x00000000ee800000,0x00000000ef280000)
  to   space 10240K, 0% used [0x00000000f2f00000,0x00000000f2f00000,0x00000000f3900000)
 ParOldGen       total 57344K, used 7172K [0x00000000c0000000, 0x00000000c3800000, 0x00000000eab00000)
  object space 57344K, 12% used [0x00000000c0000000,0x00000000c07013b0,0x00000000c3800000)
 Metaspace       used 20585K, capacity 21212K, committed 21296K, reserved 1067008K
  class space    used 2873K, capacity 3076K, committed 3120K, reserved 1048576K
}
Event: 4.809 GC heap before
{Heap before GC invocations=9 (full 1):
 PSYoungGen      total 73216K, used 62464K [0x00000000eab00000, 0x00000000f3900000, 0x0000000100000000)
  eden space 62464K, 100% used [0x00000000eab00000,0x00000000ee800000,0x00000000ee800000)
  from space 10752K, 0% used [0x00000000ee800000,0x00000000ee800000,0x00000000ef280000)
  to   space 10240K, 0% used [0x00000000f2f00000,0x00000000f2f00000,0x00000000f3900000)
 ParOldGen       total 57344K, used 7173K [0x00000000c0000000, 0x00000000c3800000, 0x00000000eab00000)
  object space 57344K, 12% used [0x00000000c0000000,0x00000000c0701490,0x00000000c3800000)
 Metaspace       used 28476K, capacity 29298K, committed 29616K, reserved 1075200K
  class space    used 3942K, capacity 4187K, committed 4272K, reserved 1048576K
Event: 4.820 GC heap after
Heap after GC invocations=9 (full 1):
 PSYoungGen      total 103424K, used 8134K [0x00000000eab00000, 0x00000000f3700000, 0x0000000100000000)
  eden space 95232K, 0% used [0x00000000eab00000,0x00000000eab00000,0x00000000f0800000)
  from space 8192K, 99% used [0x00000000f2f00000,0x00000000f36f1830,0x00000000f3700000)
  to   space 10752K, 0% used [0x00000000f2200000,0x00000000f2200000,0x00000000f2c80000)
 ParOldGen       total 57344K, used 7181K [0x00000000c0000000, 0x00000000c3800000, 0x00000000eab00000)
  object space 57344K, 12% used [0x00000000c0000000,0x00000000c0703490,0x00000000c3800000)
 Metaspace       used 28476K, capacity 29298K, committed 29616K, reserved 1075200K
  class space    used 3942K, capacity 4187K, committed 4272K, reserved 1048576K
}
Event: 6.275 GC heap before
{Heap before GC invocations=10 (full 1):
 PSYoungGen      total 103424K, used 102434K [0x00000000eab00000, 0x00000000f3700000, 0x0000000100000000)
  eden space 95232K, 99% used [0x00000000eab00000,0x00000000f07172e0,0x00000000f0800000)
  from space 8192K, 99% used [0x00000000f2f00000,0x00000000f36f1830,0x00000000f3700000)
  to   space 10752K, 0% used [0x00000000f2200000,0x00000000f2200000,0x00000000f2c80000)
 ParOldGen       total 57344K, used 7181K [0x00000000c0000000, 0x00000000c3800000, 0x00000000eab00000)
  object space 57344K, 12% used [0x00000000c0000000,0x00000000c0703490,0x00000000c3800000)
 Metaspace       used 34229K, capacity 35400K, committed 35496K, reserved 1079296K
  class space    used 4712K, capacity 5001K, committed 5040K, reserved 1048576K
Event: 6.286 GC heap after
Heap after GC invocations=10 (full 1):
 PSYoungGen      total 132608K, used 10724K [0x00000000eab00000, 0x00000000f3b80000, 0x0000000100000000)
  eden space 121856K, 0% used [0x00000000eab00000,0x00000000eab00000,0x00000000f2200000)
  from space 10752K, 99% used [0x00000000f2200000,0x00000000f2c79148,0x00000000f2c80000)
  to   space 12288K, 0% used [0x00000000f2f80000,0x00000000f2f80000,0x00000000f3b80000)
 ParOldGen       total 57344K, used 7667K [0x00000000c0000000, 0x00000000c3800000, 0x00000000eab00000)
  object space 57344K, 13% used [0x00000000c0000000,0x00000000c077ceb0,0x00000000c3800000)
 Metaspace       used 34229K, capacity 35400K, committed 35496K, reserved 1079296K
  class space    used 4712K, capacity 5001K, committed 5040K, reserved 1048576K
}
Event: 6.286 GC heap before
{Heap before GC invocations=11 (full 2):
 PSYoungGen      total 132608K, used 10724K [0x00000000eab00000, 0x00000000f3b80000, 0x0000000100000000)
  eden space 121856K, 0% used [0x00000000eab00000,0x00000000eab00000,0x00000000f2200000)
  from space 10752K, 99% used [0x00000000f2200000,0x00000000f2c79148,0x00000000f2c80000)
  to   space 12288K, 0% used [0x00000000f2f80000,0x00000000f2f80000,0x00000000f3b80000)
 ParOldGen       total 57344K, used 7667K [0x00000000c0000000, 0x00000000c3800000, 0x00000000eab00000)
  object space 57344K, 13% used [0x00000000c0000000,0x00000000c077ceb0,0x00000000c3800000)
 Metaspace       used 34229K, capacity 35400K, committed 35496K, reserved 1079296K
  class space    used 4712K, capacity 5001K, committed 5040K, reserved 1048576K
Event: 6.339 GC heap after
Heap after GC invocations=11 (full 2):
 PSYoungGen      total 132608K, used 0K [0x00000000eab00000, 0x00000000f3b80000, 0x0000000100000000)
  eden space 121856K, 0% used [0x00000000eab00000,0x00000000eab00000,0x00000000f2200000)
  from space 10752K, 0% used [0x00000000f2200000,0x00000000f2200000,0x00000000f2c80000)
  to   space 12288K, 0% used [0x00000000f2f80000,0x00000000f2f80000,0x00000000f3b80000)
 ParOldGen       total 93696K, used 17363K [0x00000000c0000000, 0x00000000c5b80000, 0x00000000eab00000)
  object space 93696K, 18% used [0x00000000c0000000,0x00000000c10f4fa8,0x00000000c5b80000)
 Metaspace       used 34229K, capacity 35400K, committed 35496K, reserved 1079296K
  class space    used 4712K, capacity 5001K, committed 5040K, reserved 1048576K
}
Event: 7.556 GC heap before
{Heap before GC invocations=12 (full 2):
 PSYoungGen      total 132608K, used 121856K [0x00000000eab00000, 0x00000000f3b80000, 0x0000000100000000)
  eden space 121856K, 100% used [0x00000000eab00000,0x00000000f2200000,0x00000000f2200000)
  from space 10752K, 0% used [0x00000000f2200000,0x00000000f2200000,0x00000000f2c80000)
  to   space 12288K, 0% used [0x00000000f2f80000,0x00000000f2f80000,0x00000000f3b80000)
 ParOldGen       total 93696K, used 17373K [0x00000000c0000000, 0x00000000c5b80000, 0x00000000eab00000)
  object space 93696K, 18% used [0x00000000c0000000,0x00000000c10f74e8,0x00000000c5b80000)
 Metaspace       used 38872K, capacity 40648K, committed 40872K, reserved 1085440K
  class space    used 5370K, capacity 5748K, committed 5808K, reserved 1048576K
Event: 7.563 GC heap after
Heap after GC invocations=12 (full 2):
 PSYoungGen      total 134144K, used 10395K [0x00000000eab00000, 0x00000000f3b80000, 0x0000000100000000)
  eden space 121856K, 0% used [0x00000000eab00000,0x00000000eab00000,0x00000000f2200000)
  from space 12288K, 84% used [0x00000000f2f80000,0x00000000f39a6d08,0x00000000f3b80000)
  to   space 10752K, 0% used [0x00000000f2200000,0x00000000f2200000,0x00000000f2c80000)
 ParOldGen       total 93696K, used 17381K [0x00000000c0000000, 0x00000000c5b80000, 0x00000000eab00000)
  object space 93696K, 18% used [0x00000000c0000000,0x00000000c10f94e8,0x00000000c5b80000)
 Metaspace       used 38872K, capacity 40648K, committed 40872K, reserved 1085440K
  class space    used 5370K, capacity 5748K, committed 5808K, reserved 1048576K
}

