# JRE version: OpenJDK Runtime Environment (8.0_242-b01) (build 1.8.0_242-release-1644-b01)
# Java VM: OpenJDK 64-Bit Server VM (25.242-b01 mixed mode windows-amd64 compressed oops)
Heap:
 PSYoungGen      total 613888K, used 12066K [0x00000000d5580000, 0x0000000100000000, 0x0000000100000000)
  eden space 526848K, 0% used [0x00000000d5580000,0x00000000d5580000,0x00000000f5800000)
  from space 87040K, 13% used [0x00000000fab00000,0x00000000fb6c8808,0x0000000100000000)
  to   space 84992K, 0% used [0x00000000f5800000,0x00000000f5800000,0x00000000fab00000)
 ParOldGen       total 289792K, used 262850K [0x0000000080000000, 0x0000000091b00000, 0x00000000d5580000)
  object space 289792K, 90% used [0x0000000080000000,0x00000000900b0ae8,0x0000000091b00000)
 Metaspace       used 132397K, capacity 138898K, committed 141608K, reserved 1171456K
  class space    used 16914K, capacity 18148K, committed 18736K, reserved 1048576K
GC Heap History (10 events):
Event: 8737.680 GC heap after
Heap after GC invocations=63 (full 5):
 PSYoungGen      total 601088K, used 25647K [0x00000000d5580000, 0x00000000ff200000, 0x0000000100000000)
  eden space 513536K, 0% used [0x00000000d5580000,0x00000000d5580000,0x00000000f4b00000)
  from space 87552K, 29% used [0x00000000f9c80000,0x00000000fb58bea8,0x00000000ff200000)
  to   space 83456K, 0% used [0x00000000f4b00000,0x00000000f4b00000,0x00000000f9c80000)
 ParOldGen       total 289792K, used 190854K [0x0000000080000000, 0x0000000091b00000, 0x00000000d5580000)
  object space 289792K, 65% used [0x0000000080000000,0x000000008ba619b8,0x0000000091b00000)
 Metaspace       used 132315K, capacity 138812K, committed 141608K, reserved 1171456K
  class space    used 16910K, capacity 18145K, committed 18736K, reserved 1048576K
}
Event: 8738.905 GC heap before
{Heap before GC invocations=64 (full 5):
 PSYoungGen      total 601088K, used 539183K [0x00000000d5580000, 0x00000000ff200000, 0x0000000100000000)
  eden space 513536K, 100% used [0x00000000d5580000,0x00000000f4b00000,0x00000000f4b00000)
  from space 87552K, 29% used [0x00000000f9c80000,0x00000000fb58bea8,0x00000000ff200000)
  to   space 83456K, 0% used [0x00000000f4b00000,0x00000000f4b00000,0x00000000f9c80000)
 ParOldGen       total 289792K, used 190854K [0x0000000080000000, 0x0000000091b00000, 0x00000000d5580000)
  object space 289792K, 65% used [0x0000000080000000,0x000000008ba619b8,0x0000000091b00000)
 Metaspace       used 132321K, capacity 138876K, committed 141608K, reserved 1171456K
  class space    used 16910K, capacity 18145K, committed 18736K, reserved 1048576K
Event: 8738.922 GC heap after
Heap after GC invocations=64 (full 5):
 PSYoungGen      total 596992K, used 5071K [0x00000000d5580000, 0x00000000ffb00000, 0x0000000100000000)
  eden space 513536K, 0% used [0x00000000d5580000,0x00000000d5580000,0x00000000f4b00000)
  from space 83456K, 6% used [0x00000000f4b00000,0x00000000f4ff3fc8,0x00000000f9c80000)
  to   space 82944K, 0% used [0x00000000faa00000,0x00000000faa00000,0x00000000ffb00000)
 ParOldGen       total 289792K, used 206618K [0x0000000080000000, 0x0000000091b00000, 0x00000000d5580000)
  object space 289792K, 71% used [0x0000000080000000,0x000000008c9c6ad0,0x0000000091b00000)
 Metaspace       used 132321K, capacity 138876K, committed 141608K, reserved 1171456K
  class space    used 16910K, capacity 18145K, committed 18736K, reserved 1048576K
}
Event: 8740.410 GC heap before
{Heap before GC invocations=65 (full 5):
 PSYoungGen      total 596992K, used 518607K [0x00000000d5580000, 0x00000000ffb00000, 0x0000000100000000)
  eden space 513536K, 100% used [0x00000000d5580000,0x00000000f4b00000,0x00000000f4b00000)
  from space 83456K, 6% used [0x00000000f4b00000,0x00000000f4ff3fc8,0x00000000f9c80000)
  to   space 82944K, 0% used [0x00000000faa00000,0x00000000faa00000,0x00000000ffb00000)
 ParOldGen       total 289792K, used 206618K [0x0000000080000000, 0x0000000091b00000, 0x00000000d5580000)
  object space 289792K, 71% used [0x0000000080000000,0x000000008c9c6ad0,0x0000000091b00000)
 Metaspace       used 132353K, capacity 138876K, committed 141608K, reserved 1171456K
  class space    used 16910K, capacity 18145K, committed 18736K, reserved 1048576K
Event: 8740.445 GC heap after
Heap after GC invocations=65 (full 5):
 PSYoungGen      total 611328K, used 22016K [0x00000000d5580000, 0x00000000ff780000, 0x0000000100000000)
  eden space 531968K, 0% used [0x00000000d5580000,0x00000000d5580000,0x00000000f5d00000)
  from space 79360K, 27% used [0x00000000faa00000,0x00000000fbf80110,0x00000000ff780000)
  to   space 78848K, 0% used [0x00000000f5d00000,0x00000000f5d00000,0x00000000faa00000)
 ParOldGen       total 289792K, used 209357K [0x0000000080000000, 0x0000000091b00000, 0x00000000d5580000)
  object space 289792K, 72% used [0x0000000080000000,0x000000008cc734b8,0x0000000091b00000)
 Metaspace       used 132353K, capacity 138876K, committed 141608K, reserved 1171456K
  class space    used 16910K, capacity 18145K, committed 18736K, reserved 1048576K
}
Event: 8741.962 GC heap before
{Heap before GC invocations=66 (full 5):
 PSYoungGen      total 611328K, used 553984K [0x00000000d5580000, 0x00000000ff780000, 0x0000000100000000)
  eden space 531968K, 100% used [0x00000000d5580000,0x00000000f5d00000,0x00000000f5d00000)
  from space 79360K, 27% used [0x00000000faa00000,0x00000000fbf80110,0x00000000ff780000)
  to   space 78848K, 0% used [0x00000000f5d00000,0x00000000f5d00000,0x00000000faa00000)
 ParOldGen       total 289792K, used 209357K [0x0000000080000000, 0x0000000091b00000, 0x00000000d5580000)
  object space 289792K, 72% used [0x0000000080000000,0x000000008cc734b8,0x0000000091b00000)
 Metaspace       used 132380K, capacity 138880K, committed 141608K, reserved 1171456K
  class space    used 16912K, capacity 18145K, committed 18736K, reserved 1048576K
Event: 8742.040 GC heap after
Heap after GC invocations=66 (full 5):
 PSYoungGen      total 610816K, used 63948K [0x00000000d5580000, 0x0000000100000000, 0x0000000100000000)
  eden space 531968K, 0% used [0x00000000d5580000,0x00000000d5580000,0x00000000f5d00000)
  from space 78848K, 81% used [0x00000000f5d00000,0x00000000f9b73358,0x00000000faa00000)
  to   space 87040K, 0% used [0x00000000fab00000,0x00000000fab00000,0x0000000100000000)
 ParOldGen       total 289792K, used 217246K [0x0000000080000000, 0x0000000091b00000, 0x00000000d5580000)
  object space 289792K, 74% used [0x0000000080000000,0x000000008d4278a8,0x0000000091b00000)
 Metaspace       used 132380K, capacity 138880K, committed 141608K, reserved 1171456K
  class space    used 16912K, capacity 18145K, committed 18736K, reserved 1048576K
}
Event: 8743.716 GC heap before
{Heap before GC invocations=67 (full 5):
 PSYoungGen      total 610816K, used 595916K [0x00000000d5580000, 0x0000000100000000, 0x0000000100000000)
  eden space 531968K, 100% used [0x00000000d5580000,0x00000000f5d00000,0x00000000f5d00000)
  from space 78848K, 81% used [0x00000000f5d00000,0x00000000f9b73358,0x00000000faa00000)
  to   space 87040K, 0% used [0x00000000fab00000,0x00000000fab00000,0x0000000100000000)
 ParOldGen       total 289792K, used 217246K [0x0000000080000000, 0x0000000091b00000, 0x00000000d5580000)
  object space 289792K, 74% used [0x0000000080000000,0x000000008d4278a8,0x0000000091b00000)
 Metaspace       used 132397K, capacity 138898K, committed 141608K, reserved 1171456K
  class space    used 16914K, capacity 18148K, committed 18736K, reserved 1048576K
Event: 8743.766 GC heap after
Heap after GC invocations=67 (full 5):
 PSYoungGen      total 613888K, used 12066K [0x00000000d5580000, 0x0000000100000000, 0x0000000100000000)
  eden space 526848K, 0% used [0x00000000d5580000,0x00000000d5580000,0x00000000f5800000)
  from space 87040K, 13% used [0x00000000fab00000,0x00000000fb6c8808,0x0000000100000000)
  to   space 84992K, 0% used [0x00000000f5800000,0x00000000f5800000,0x00000000fab00000)
 ParOldGen       total 289792K, used 262850K [0x0000000080000000, 0x0000000091b00000, 0x00000000d5580000)
  object space 289792K, 90% used [0x0000000080000000,0x00000000900b0ae8,0x0000000091b00000)
 Metaspace       used 132397K, capacity 138898K, committed 141608K, reserved 1171456K
  class space    used 16914K, capacity 18148K, committed 18736K, reserved 1048576K
}
Event: 8743.766 GC heap before
{Heap before GC invocations=68 (full 6):
 PSYoungGen      total 613888K, used 12066K [0x00000000d5580000, 0x0000000100000000, 0x0000000100000000)
  eden space 526848K, 0% used [0x00000000d5580000,0x00000000d5580000,0x00000000f5800000)
  from space 87040K, 13% used [0x00000000fab00000,0x00000000fb6c8808,0x0000000100000000)
  to   space 84992K, 0% used [0x00000000f5800000,0x00000000f5800000,0x00000000fab00000)
 ParOldGen       total 289792K, used 262850K [0x0000000080000000, 0x0000000091b00000, 0x00000000d5580000)
  object space 289792K, 90% used [0x0000000080000000,0x00000000900b0ae8,0x0000000091b00000)
 Metaspace       used 132397K, capacity 138898K, committed 141608K, reserved 1171456K
  class space    used 16914K, capacity 18148K, committed 18736K, reserved 1048576K

