# JRE version: OpenJDK Runtime Environment (8.0_242-b01) (build 1.8.0_242-release-1644-b01)
# Java VM: OpenJDK 64-Bit Server VM (25.242-b01 mixed mode windows-amd64 compressed oops)
Heap:
 PSYoungGen      total 51200K, used 22918K [0x00000000eab00000, 0x00000000ef380000, 0x0000000100000000)
  eden space 48128K, 41% used [0x00000000eab00000,0x00000000ebe93680,0x00000000eda00000)
  from space 3072K, 93% used [0x00000000ef080000,0x00000000ef34e520,0x00000000ef380000)
  to   space 10752K, 0% used [0x00000000ede80000,0x00000000ede80000,0x00000000ee900000)
 ParOldGen       total 54272K, used 7224K [0x00000000c0000000, 0x00000000c3500000, 0x00000000eab00000)
  object space 54272K, 13% used [0x00000000c0000000,0x00000000c070e088,0x00000000c3500000)
 Metaspace       used 25444K, capacity 26186K, committed 26416K, reserved 1071104K
  class space    used 3548K, capacity 3775K, committed 3888K, reserved 1048576K
GC Heap History (10 events):
Event: 4.019 GC heap before
{Heap before GC invocations=5 (full 0):
 PSYoungGen      total 36864K, used 36832K [0x00000000eab00000, 0x00000000ed400000, 0x0000000100000000)
  eden space 31744K, 100% used [0x00000000eab00000,0x00000000eca00000,0x00000000eca00000)
  from space 5120K, 99% used [0x00000000ecf00000,0x00000000ed3f8020,0x00000000ed400000)
  to   space 5120K, 0% used [0x00000000eca00000,0x00000000eca00000,0x00000000ecf00000)
 ParOldGen       total 84992K, used 3183K [0x00000000c0000000, 0x00000000c5300000, 0x00000000eab00000)
  object space 84992K, 3% used [0x00000000c0000000,0x00000000c031bfb8,0x00000000c5300000)
 Metaspace       used 17128K, capacity 17720K, committed 17920K, reserved 1064960K
  class space    used 2329K, capacity 2498K, committed 2560K, reserved 1048576K
Event: 4.026 GC heap after
Heap after GC invocations=5 (full 0):
 PSYoungGen      total 36352K, used 5104K [0x00000000eab00000, 0x00000000edc80000, 0x0000000100000000)
  eden space 31232K, 0% used [0x00000000eab00000,0x00000000eab00000,0x00000000ec980000)
  from space 5120K, 99% used [0x00000000eca00000,0x00000000ecefc030,0x00000000ecf00000)
  to   space 9728K, 0% used [0x00000000ed300000,0x00000000ed300000,0x00000000edc80000)
 ParOldGen       total 84992K, used 5668K [0x00000000c0000000, 0x00000000c5300000, 0x00000000eab00000)
  object space 84992K, 6% used [0x00000000c0000000,0x00000000c05893d0,0x00000000c5300000)
 Metaspace       used 17128K, capacity 17720K, committed 17920K, reserved 1064960K
  class space    used 2329K, capacity 2498K, committed 2560K, reserved 1048576K
}
Event: 4.596 GC heap before
{Heap before GC invocations=6 (full 0):
 PSYoungGen      total 36352K, used 36336K [0x00000000eab00000, 0x00000000edc80000, 0x0000000100000000)
  eden space 31232K, 100% used [0x00000000eab00000,0x00000000ec980000,0x00000000ec980000)
  from space 5120K, 99% used [0x00000000eca00000,0x00000000ecefc030,0x00000000ecf00000)
  to   space 9728K, 0% used [0x00000000ed300000,0x00000000ed300000,0x00000000edc80000)
 ParOldGen       total 84992K, used 5668K [0x00000000c0000000, 0x00000000c5300000, 0x00000000eab00000)
  object space 84992K, 6% used [0x00000000c0000000,0x00000000c05893d0,0x00000000c5300000)
 Metaspace       used 19973K, capacity 20630K, committed 20992K, reserved 1067008K
  class space    used 2779K, capacity 2945K, committed 3072K, reserved 1048576K
Event: 4.605 GC heap after
Heap after GC invocations=6 (full 0):
 PSYoungGen      total 39936K, used 8896K [0x00000000eab00000, 0x00000000efd00000, 0x0000000100000000)
  eden space 30208K, 0% used [0x00000000eab00000,0x00000000eab00000,0x00000000ec880000)
  from space 9728K, 91% used [0x00000000ed300000,0x00000000edbb0308,0x00000000edc80000)
  to   space 10752K, 0% used [0x00000000ec880000,0x00000000ec880000,0x00000000ed300000)
 ParOldGen       total 84992K, used 5676K [0x00000000c0000000, 0x00000000c5300000, 0x00000000eab00000)
  object space 84992K, 6% used [0x00000000c0000000,0x00000000c058b3d0,0x00000000c5300000)
 Metaspace       used 19973K, capacity 20630K, committed 20992K, reserved 1067008K
  class space    used 2779K, capacity 2945K, committed 3072K, reserved 1048576K
}
Event: 4.700 GC heap before
{Heap before GC invocations=7 (full 0):
 PSYoungGen      total 39936K, used 19550K [0x00000000eab00000, 0x00000000efd00000, 0x0000000100000000)
  eden space 30208K, 35% used [0x00000000eab00000,0x00000000eb567550,0x00000000ec880000)
  from space 9728K, 91% used [0x00000000ed300000,0x00000000edbb0308,0x00000000edc80000)
  to   space 10752K, 0% used [0x00000000ec880000,0x00000000ec880000,0x00000000ed300000)
 ParOldGen       total 84992K, used 5676K [0x00000000c0000000, 0x00000000c5300000, 0x00000000eab00000)
  object space 84992K, 6% used [0x00000000c0000000,0x00000000c058b3d0,0x00000000c5300000)
 Metaspace       used 20582K, capacity 21216K, committed 21296K, reserved 1067008K
  class space    used 2875K, capacity 3076K, committed 3120K, reserved 1048576K
Event: 4.706 GC heap after
Heap after GC invocations=7 (full 0):
 PSYoungGen      total 40960K, used 4737K [0x00000000eab00000, 0x00000000efb00000, 0x0000000100000000)
  eden space 30208K, 0% used [0x00000000eab00000,0x00000000eab00000,0x00000000ec880000)
  from space 10752K, 44% used [0x00000000ec880000,0x00000000ecd20508,0x00000000ed300000)
  to   space 10752K, 0% used [0x00000000ef080000,0x00000000ef080000,0x00000000efb00000)
 ParOldGen       total 84992K, used 8053K [0x00000000c0000000, 0x00000000c5300000, 0x00000000eab00000)
  object space 84992K, 9% used [0x00000000c0000000,0x00000000c07dd440,0x00000000c5300000)
 Metaspace       used 20582K, capacity 21216K, committed 21296K, reserved 1067008K
  class space    used 2875K, capacity 3076K, committed 3120K, reserved 1048576K
}
Event: 4.706 GC heap before
{Heap before GC invocations=8 (full 1):
 PSYoungGen      total 40960K, used 4737K [0x00000000eab00000, 0x00000000efb00000, 0x0000000100000000)
  eden space 30208K, 0% used [0x00000000eab00000,0x00000000eab00000,0x00000000ec880000)
  from space 10752K, 44% used [0x00000000ec880000,0x00000000ecd20508,0x00000000ed300000)
  to   space 10752K, 0% used [0x00000000ef080000,0x00000000ef080000,0x00000000efb00000)
 ParOldGen       total 84992K, used 8053K [0x00000000c0000000, 0x00000000c5300000, 0x00000000eab00000)
  object space 84992K, 9% used [0x00000000c0000000,0x00000000c07dd440,0x00000000c5300000)
 Metaspace       used 20582K, capacity 21216K, committed 21296K, reserved 1067008K
  class space    used 2875K, capacity 3076K, committed 3120K, reserved 1048576K
Event: 4.766 GC heap after
Heap after GC invocations=8 (full 1):
 PSYoungGen      total 40960K, used 0K [0x00000000eab00000, 0x00000000efb00000, 0x0000000100000000)
  eden space 30208K, 0% used [0x00000000eab00000,0x00000000eab00000,0x00000000ec880000)
  from space 10752K, 0% used [0x00000000ec880000,0x00000000ec880000,0x00000000ed300000)
  to   space 10752K, 0% used [0x00000000ef080000,0x00000000ef080000,0x00000000efb00000)
 ParOldGen       total 54272K, used 7216K [0x00000000c0000000, 0x00000000c3500000, 0x00000000eab00000)
  object space 54272K, 13% used [0x00000000c0000000,0x00000000c070c088,0x00000000c3500000)
 Metaspace       used 20582K, capacity 21216K, committed 21296K, reserved 1067008K
  class space    used 2875K, capacity 3076K, committed 3120K, reserved 1048576K
}
Event: 5.611 GC heap before
{Heap before GC invocations=9 (full 1):
 PSYoungGen      total 40960K, used 30208K [0x00000000eab00000, 0x00000000efb00000, 0x0000000100000000)
  eden space 30208K, 100% used [0x00000000eab00000,0x00000000ec880000,0x00000000ec880000)
  from space 10752K, 0% used [0x00000000ec880000,0x00000000ec880000,0x00000000ed300000)
  to   space 10752K, 0% used [0x00000000ef080000,0x00000000ef080000,0x00000000efb00000)
 ParOldGen       total 54272K, used 7216K [0x00000000c0000000, 0x00000000c3500000, 0x00000000eab00000)
  object space 54272K, 13% used [0x00000000c0000000,0x00000000c070c088,0x00000000c3500000)
 Metaspace       used 22625K, capacity 23406K, committed 23728K, reserved 1069056K
  class space    used 3197K, capacity 3403K, committed 3504K, reserved 1048576K
Event: 5.614 GC heap after
Heap after GC invocations=9 (full 1):
 PSYoungGen      total 51200K, used 2873K [0x00000000eab00000, 0x00000000ef380000, 0x0000000100000000)
  eden space 48128K, 0% used [0x00000000eab00000,0x00000000eab00000,0x00000000eda00000)
  from space 3072K, 93% used [0x00000000ef080000,0x00000000ef34e520,0x00000000ef380000)
  to   space 10752K, 0% used [0x00000000ede80000,0x00000000ede80000,0x00000000ee900000)
 ParOldGen       total 54272K, used 7224K [0x00000000c0000000, 0x00000000c3500000, 0x00000000eab00000)
  object space 54272K, 13% used [0x00000000c0000000,0x00000000c070e088,0x00000000c3500000)
 Metaspace       used 22625K, capacity 23406K, committed 23728K, reserved 1069056K
  class space    used 3197K, capacity 3403K, committed 3504K, reserved 1048576K
}

