# JRE version: OpenJDK Runtime Environment (8.0_242-b01) (build 1.8.0_242-release-1644-b01)
# Java VM: OpenJDK 64-Bit Server VM (25.242-b01 mixed mode windows-amd64 compressed oops)
Heap:
 PSYoungGen      total 133120K, used 95479K [0x00000000eab00000, 0x00000000f5100000, 0x0000000100000000)
  eden space 122368K, 78% used [0x00000000eab00000,0x00000000f083dc08,0x00000000f2280000)
  from space 10752K, 0% used [0x00000000f2280000,0x00000000f2280000,0x00000000f2d00000)
  to   space 12288K, 0% used [0x00000000f4500000,0x00000000f4500000,0x00000000f5100000)
 ParOldGen       total 84480K, used 17429K [0x00000000c0000000, 0x00000000c5280000, 0x00000000eab00000)
  object space 84480K, 20% used [0x00000000c0000000,0x00000000c1105510,0x00000000c5280000)
 Metaspace       used 36876K, capacity 38444K, committed 38696K, reserved 1083392K
  class space    used 5081K, capacity 5421K, committed 5424K, reserved 1048576K
GC Heap History (10 events):
Event: 6.872 GC heap before
{Heap before GC invocations=7 (full 0):
 PSYoungGen      total 72192K, used 19262K [0x00000000eab00000, 0x00000000efe00000, 0x0000000100000000)
  eden space 62464K, 16% used [0x00000000eab00000,0x00000000eb5068b0,0x00000000ee800000)
  from space 9728K, 92% used [0x00000000ef280000,0x00000000efb48fb0,0x00000000efc00000)
  to   space 10752K, 0% used [0x00000000ee800000,0x00000000ee800000,0x00000000ef280000)
 ParOldGen       total 84992K, used 5594K [0x00000000c0000000, 0x00000000c5300000, 0x00000000eab00000)
  object space 84992K, 6% used [0x00000000c0000000,0x00000000c0576a80,0x00000000c5300000)
 Metaspace       used 20589K, capacity 21208K, committed 21296K, reserved 1067008K
  class space    used 2874K, capacity 3076K, committed 3120K, reserved 1048576K
Event: 6.879 GC heap after
Heap after GC invocations=7 (full 0):
 PSYoungGen      total 73216K, used 4774K [0x00000000eab00000, 0x00000000f3a00000, 0x0000000100000000)
  eden space 62464K, 0% used [0x00000000eab00000,0x00000000eab00000,0x00000000ee800000)
  from space 10752K, 44% used [0x00000000ee800000,0x00000000eeca9898,0x00000000ef280000)
  to   space 10752K, 0% used [0x00000000f2f80000,0x00000000f2f80000,0x00000000f3a00000)
 ParOldGen       total 84992K, used 7922K [0x00000000c0000000, 0x00000000c5300000, 0x00000000eab00000)
  object space 84992K, 9% used [0x00000000c0000000,0x00000000c07bcad0,0x00000000c5300000)
 Metaspace       used 20589K, capacity 21208K, committed 21296K, reserved 1067008K
  class space    used 2874K, capacity 3076K, committed 3120K, reserved 1048576K
}
Event: 6.879 GC heap before
{Heap before GC invocations=8 (full 1):
 PSYoungGen      total 73216K, used 4774K [0x00000000eab00000, 0x00000000f3a00000, 0x0000000100000000)
  eden space 62464K, 0% used [0x00000000eab00000,0x00000000eab00000,0x00000000ee800000)
  from space 10752K, 44% used [0x00000000ee800000,0x00000000eeca9898,0x00000000ef280000)
  to   space 10752K, 0% used [0x00000000f2f80000,0x00000000f2f80000,0x00000000f3a00000)
 ParOldGen       total 84992K, used 7922K [0x00000000c0000000, 0x00000000c5300000, 0x00000000eab00000)
  object space 84992K, 9% used [0x00000000c0000000,0x00000000c07bcad0,0x00000000c5300000)
 Metaspace       used 20589K, capacity 21208K, committed 21296K, reserved 1067008K
  class space    used 2874K, capacity 3076K, committed 3120K, reserved 1048576K
Event: 6.930 GC heap after
Heap after GC invocations=8 (full 1):
 PSYoungGen      total 73216K, used 0K [0x00000000eab00000, 0x00000000f3a00000, 0x0000000100000000)
  eden space 62464K, 0% used [0x00000000eab00000,0x00000000eab00000,0x00000000ee800000)
  from space 10752K, 0% used [0x00000000ee800000,0x00000000ee800000,0x00000000ef280000)
  to   space 10752K, 0% used [0x00000000f2f80000,0x00000000f2f80000,0x00000000f3a00000)
 ParOldGen       total 51712K, used 7169K [0x00000000c0000000, 0x00000000c3280000, 0x00000000eab00000)
  object space 51712K, 13% used [0x00000000c0000000,0x00000000c07004f0,0x00000000c3280000)
 Metaspace       used 20589K, capacity 21208K, committed 21296K, reserved 1067008K
  class space    used 2874K, capacity 3076K, committed 3120K, reserved 1048576K
}
Event: 8.442 GC heap before
{Heap before GC invocations=9 (full 1):
 PSYoungGen      total 73216K, used 62464K [0x00000000eab00000, 0x00000000f3a00000, 0x0000000100000000)
  eden space 62464K, 100% used [0x00000000eab00000,0x00000000ee800000,0x00000000ee800000)
  from space 10752K, 0% used [0x00000000ee800000,0x00000000ee800000,0x00000000ef280000)
  to   space 10752K, 0% used [0x00000000f2f80000,0x00000000f2f80000,0x00000000f3a00000)
 ParOldGen       total 51712K, used 7169K [0x00000000c0000000, 0x00000000c3280000, 0x00000000eab00000)
  object space 51712K, 13% used [0x00000000c0000000,0x00000000c07004f0,0x00000000c3280000)
 Metaspace       used 28458K, capacity 29294K, committed 29616K, reserved 1075200K
  class space    used 3933K, capacity 4187K, committed 4272K, reserved 1048576K
Event: 8.449 GC heap after
Heap after GC invocations=9 (full 1):
 PSYoungGen      total 112640K, used 8095K [0x00000000eab00000, 0x00000000f3780000, 0x0000000100000000)
  eden space 104448K, 0% used [0x00000000eab00000,0x00000000eab00000,0x00000000f1100000)
  from space 8192K, 98% used [0x00000000f2f80000,0x00000000f3767c58,0x00000000f3780000)
  to   space 10752K, 0% used [0x00000000f2280000,0x00000000f2280000,0x00000000f2d00000)
 ParOldGen       total 51712K, used 7177K [0x00000000c0000000, 0x00000000c3280000, 0x00000000eab00000)
  object space 51712K, 13% used [0x00000000c0000000,0x00000000c07024f0,0x00000000c3280000)
 Metaspace       used 28458K, capacity 29294K, committed 29616K, reserved 1075200K
  class space    used 3933K, capacity 4187K, committed 4272K, reserved 1048576K
}
Event: 9.666 GC heap before
{Heap before GC invocations=10 (full 1):
 PSYoungGen      total 112640K, used 103348K [0x00000000eab00000, 0x00000000f3780000, 0x0000000100000000)
  eden space 104448K, 91% used [0x00000000eab00000,0x00000000f08054c8,0x00000000f1100000)
  from space 8192K, 98% used [0x00000000f2f80000,0x00000000f3767c58,0x00000000f3780000)
  to   space 10752K, 0% used [0x00000000f2280000,0x00000000f2280000,0x00000000f2d00000)
 ParOldGen       total 51712K, used 7177K [0x00000000c0000000, 0x00000000c3280000, 0x00000000eab00000)
  object space 51712K, 13% used [0x00000000c0000000,0x00000000c07024f0,0x00000000c3280000)
 Metaspace       used 34244K, capacity 35396K, committed 35496K, reserved 1079296K
  class space    used 4712K, capacity 5001K, committed 5040K, reserved 1048576K
Event: 9.679 GC heap after
Heap after GC invocations=10 (full 1):
 PSYoungGen      total 133120K, used 10741K [0x00000000eab00000, 0x00000000f5100000, 0x0000000100000000)
  eden space 122368K, 0% used [0x00000000eab00000,0x00000000eab00000,0x00000000f2280000)
  from space 10752K, 99% used [0x00000000f2280000,0x00000000f2cfd518,0x00000000f2d00000)
  to   space 12288K, 0% used [0x00000000f4500000,0x00000000f4500000,0x00000000f5100000)
 ParOldGen       total 51712K, used 7674K [0x00000000c0000000, 0x00000000c3280000, 0x00000000eab00000)
  object space 51712K, 14% used [0x00000000c0000000,0x00000000c077e878,0x00000000c3280000)
 Metaspace       used 34244K, capacity 35396K, committed 35496K, reserved 1079296K
  class space    used 4712K, capacity 5001K, committed 5040K, reserved 1048576K
}
Event: 9.679 GC heap before
{Heap before GC invocations=11 (full 2):
 PSYoungGen      total 133120K, used 10741K [0x00000000eab00000, 0x00000000f5100000, 0x0000000100000000)
  eden space 122368K, 0% used [0x00000000eab00000,0x00000000eab00000,0x00000000f2280000)
  from space 10752K, 99% used [0x00000000f2280000,0x00000000f2cfd518,0x00000000f2d00000)
  to   space 12288K, 0% used [0x00000000f4500000,0x00000000f4500000,0x00000000f5100000)
 ParOldGen       total 51712K, used 7674K [0x00000000c0000000, 0x00000000c3280000, 0x00000000eab00000)
  object space 51712K, 14% used [0x00000000c0000000,0x00000000c077e878,0x00000000c3280000)
 Metaspace       used 34244K, capacity 35396K, committed 35496K, reserved 1079296K
  class space    used 4712K, capacity 5001K, committed 5040K, reserved 1048576K
Event: 9.749 GC heap after
Heap after GC invocations=11 (full 2):
 PSYoungGen      total 133120K, used 0K [0x00000000eab00000, 0x00000000f5100000, 0x0000000100000000)
  eden space 122368K, 0% used [0x00000000eab00000,0x00000000eab00000,0x00000000f2280000)
  from space 10752K, 0% used [0x00000000f2280000,0x00000000f2280000,0x00000000f2d00000)
  to   space 12288K, 0% used [0x00000000f4500000,0x00000000f4500000,0x00000000f5100000)
 ParOldGen       total 84480K, used 17429K [0x00000000c0000000, 0x00000000c5280000, 0x00000000eab00000)
  object space 84480K, 20% used [0x00000000c0000000,0x00000000c1105510,0x00000000c5280000)
 Metaspace       used 34244K, capacity 35396K, committed 35496K, reserved 1079296K
  class space    used 4712K, capacity 5001K, committed 5040K, reserved 1048576K
}

